Added Component: Designator=C1(CAP NP 800)
Add component (AddParameter): Name = "Value"; Value = "33pF"; VariantName = "[No Variations]"
Added Component: Designator=C2(CAP NP 800)
Add component (AddParameter): Name = "Value"; Value = "33pF"; VariantName = "[No Variations]"
Added Component: Designator=C3(CAP NP 800)
Add component (AddParameter): Name = "Value"; Value = "33pF"; VariantName = "[No Variations]"
Added Component: Designator=C4(CAP NP 800)
Add component (AddParameter): Name = "Value"; Value = "33pF"; VariantName = "[No Variations]"
Added Component: Designator=IC?(Atmega8)
Added Component: Designator=R1(RES-1/4W)
Added Component: Designator=SW?(BUTTON 12x12x5 4P DIP)
Add component (AddParameter): Name = "Value"; Value = "Button chip 4 pin"; VariantName = "[No Variations]"
Added Component: Designator=thach_anh(CRYSTAL SMD)
Add component (AddParameter): Name = "LatestRevisionDate"; Value = "17-Jul-2002"; VariantName = "[No Variations]"
Add component (AddParameter): Name = "LatestRevisionNote"; Value = "Re-released for DXP Platform."; VariantName = "[No Variations]"
Add component (AddParameter): Name = "PackageReference"; Value = "R38"; VariantName = "[No Variations]"
Add component (AddParameter): Name = "Published"; Value = "8-Jun-2000"; VariantName = "[No Variations]"
Add component (AddParameter): Name = "Publisher"; Value = "Altium Limited"; VariantName = "[No Variations]"
Added Pin To Net: NetName=GND Pin=C1-1
Added Pin To Net: NetName=GND Pin=C2-1
Added Pin To Net: NetName=GND Pin=C3-1
Added Pin To Net: NetName=GND Pin=C4-1
Added Pin To Net: NetName=GND Pin=IC?-GND
Added Pin To Net: NetName=GND Pin=IC?-GND
Added Pin To Net: NetName=GND Pin=IC?-GND
Added Pin To Net: NetName=GND Pin=SW?-2
Added Net: Name=GND
Added Pin To Net: NetName=NetC1_2 Pin=C1-2
Added Pin To Net: NetName=NetC1_2 Pin=IC?-20
Added Pin To Net: NetName=NetC1_2 Pin=thach_anh-2
Added Net: Name=NetC1_2
Added Pin To Net: NetName=NetC2_2 Pin=C2-2
Added Pin To Net: NetName=NetC2_2 Pin=IC?-21
Added Pin To Net: NetName=NetC2_2 Pin=thach_anh-1
Added Net: Name=NetC2_2
Added Pin To Net: NetName=NetIC?_RST Pin=IC?-RST
Added Pin To Net: NetName=NetIC?_RST Pin=R1-1
Added Pin To Net: NetName=NetIC?_RST Pin=SW?-3
Added Net: Name=NetIC?_RST
Added Pin To Net: NetName=VCC Pin=C3-2
Added Pin To Net: NetName=VCC Pin=C4-2
Added Pin To Net: NetName=VCC Pin=IC?-AREF
Added Pin To Net: NetName=VCC Pin=IC?-AVCC
Added Pin To Net: NetName=VCC Pin=IC?-VCC
Added Pin To Net: NetName=VCC Pin=IC?-VCC
Added Pin To Net: NetName=VCC Pin=R1-2
Added Net: Name=VCC
Added Class: Name=atmg8A
Added Room: Name=atmg8A
